2025-04-15 17:32:13,962 - [!] Error checking Twitter: <urlopen error [Errno -3] Temporary failure in name resolution>
2025-04-15 17:32:13,962 - [!] Error checking Reddit: <urlopen error [Errno -3] Temporary failure in name resolution>
2025-04-15 17:32:13,963 - [!] Error checking GitHub: <urlopen error [Errno -3] Temporary failure in name resolution>
2025-04-15 17:32:13,963 - [!] Error checking Facebook: <urlopen error [Errno -3] Temporary failure in name resolution>
2025-04-15 17:32:13,964 - [!] Error checking Medium: <urlopen error [Errno -3] Temporary failure in name resolution>
2025-04-15 17:32:13,964 - [!] Error checking Twitch: <urlopen error [Errno -3] Temporary failure in name resolution>
2025-04-15 17:32:13,964 - [!] Error checking Instagram: <urlopen error [Errno -3] Temporary failure in name resolution>
2025-04-15 17:32:13,964 - [!] Error checking Pinterest: <urlopen error [Errno -3] Temporary failure in name resolution>
2025-04-15 17:32:13,964 - [!] Error checking Dev.to: <urlopen error [Errno -3] Temporary failure in name resolution>
2025-04-15 17:32:13,965 - [!] Error checking TikTok: <urlopen error [Errno -3] Temporary failure in name resolution>
2025-04-15 17:32:23,986 - [!] Error checking LinkedIn: <urlopen error [Errno -3] Temporary failure in name resolution>
2025-04-15 17:32:23,998 - [!] Error checking Flickr: <urlopen error [Errno -3] Temporary failure in name resolution>
2025-04-15 17:32:23,998 - [!] Error checking Bitbucket: <urlopen error [Errno -3] Temporary failure in name resolution>
2025-04-15 17:32:24,009 - [!] Error checking StackOverflow: <urlopen error [Errno -3] Temporary failure in name resolution>
2025-04-15 17:32:24,010 - [!] Error checking YouTube: <urlopen error [Errno -3] Temporary failure in name resolution>
2025-04-15 17:32:24,011 - [!] Error checking Snapchat: <urlopen error [Errno -3] Temporary failure in name resolution>
2025-04-15 17:32:24,011 - [!] Error checking HackerRank: <urlopen error [Errno -3] Temporary failure in name resolution>
2025-04-15 17:32:24,011 - [!] Error checking GitLab: <urlopen error [Errno -3] Temporary failure in name resolution>
2025-04-15 17:32:24,011 - [!] Error checking CodePen: <urlopen error [Errno -3] Temporary failure in name resolution>
2025-04-15 17:32:24,015 - [!] Error checking Behance: <urlopen error [Errno -3] Temporary failure in name resolution>
2025-04-15 17:32:34,006 - [!] Error checking Vimeo: <urlopen error [Errno -3] Temporary failure in name resolution>
2025-04-15 17:32:34,030 - [!] Error checking Quora: <urlopen error [Errno -3] Temporary failure in name resolution>
2025-04-15 17:32:34,034 - [!] Error checking Tumblr: <urlopen error [Errno -3] Temporary failure in name resolution>
2025-04-15 17:32:34,035 - [!] Error checking SoundCloud: <urlopen error [Errno -3] Temporary failure in name resolution>
2025-04-15 17:32:34,039 - [!] Error checking MySpace: <urlopen error [Errno -3] Temporary failure in name resolution>
2025-04-15 17:33:04,184 - [+] Found on Twitch: https://www.twitch.tv/tharun
2025-04-15 17:33:04,416 - [+] Found on Facebook: https://www.facebook.com/tharun
2025-04-15 17:33:04,488 - [+] Found on GitHub: https://github.com/tharun
2025-04-15 17:33:04,555 - [+] Found on TikTok: https://www.tiktok.com/@tharun
2025-04-15 17:33:04,746 - [+] Found on Instagram: https://www.instagram.com/tharun
2025-04-15 17:33:04,784 - [+] Found on Dev.to: https://dev.to/tharun
2025-04-15 17:33:04,919 - [+] Found on Pinterest: https://www.pinterest.com/tharun/
2025-04-15 17:33:04,947 - [+] Found on YouTube: https://www.youtube.com/c/tharun
2025-04-15 17:33:05,054 - [+] Found on Medium: https://medium.com/@tharun
2025-04-15 17:33:05,336 - [+] Found on GitLab: https://gitlab.com/tharun
2025-04-15 17:33:05,360 - [+] Found on LinkedIn: https://www.linkedin.com/in/tharun
2025-04-15 17:33:05,410 - [+] Found on Snapchat: https://www.snapchat.com/add/tharun
2025-04-15 17:33:05,447 - [+] Found on Behance: https://www.behance.net/tharun
2025-04-15 17:33:05,501 - [+] Found on Reddit: https://www.reddit.com/user/tharun
2025-04-15 17:33:05,513 - [+] Found on Flickr: https://www.flickr.com/photos/tharun
2025-04-15 17:33:05,579 - [+] Found on Vimeo: https://vimeo.com/tharun
2025-04-15 17:33:05,967 - [+] Found on Quora: https://www.quora.com/profile/tharun
2025-04-15 17:33:06,048 - [+] Found on MySpace: https://myspace.com/tharun
2025-04-15 17:33:06,109 - [+] Found on SoundCloud: https://soundcloud.com/tharun
2025-04-15 17:33:06,230 - [+] Found on HackerRank: https://www.hackerrank.com/tharun
2025-04-15 17:33:07,614 - [+] Found on Tumblr: https://tharun.tumblr.com/
2025-04-15 17:42:42,169 - [+] Found on Twitch: https://www.twitch.tv/anojaraman
2025-04-15 17:42:42,396 - [+] Found on TikTok: https://www.tiktok.com/@anojaraman
2025-04-15 17:42:42,398 - [+] Found on Facebook: https://www.facebook.com/anojaraman
2025-04-15 17:42:42,608 - [+] Found on Medium: https://medium.com/@anojaraman
2025-04-15 17:42:42,713 - [+] Found on Instagram: https://www.instagram.com/anojaraman
2025-04-15 17:42:42,996 - [+] Found on Pinterest: https://www.pinterest.com/anojaraman/
2025-04-15 17:42:43,256 - [+] Found on HackerRank: https://www.hackerrank.com/anojaraman
2025-04-15 17:42:43,508 - [+] Found on Reddit: https://www.reddit.com/user/anojaraman
